<?xml version="1.0" encoding="UTF-8"?>
<!-- Generated by org.testng.reporters.JUnitReportReporter -->
<testsuite skipped="0" hostname="DESKTOP-MGRVIA5" name="testAutomation.WebBrowserTest" tests="2" failures="0" timestamp="2020-08-06T21:18:38 EDT" time="3.006" errors="0">
  <testcase name="Login" time="2.199" classname="testAutomation.WebBrowserTest"/>
  <system-out/>
  <testcase name="Logout" time="0.807" classname="testAutomation.WebBrowserTest"/>
  <system-out/>
</testsuite> <!-- testAutomation.WebBrowserTest -->
